#
# There is insufficient memory for the Java Runtime Environment to continue.
# Native memory allocation (malloc) failed to allocate 1994272 bytes for Chunk::new
# Possible reasons:
#   The system is out of physical RAM or swap space
#   The process is running with CompressedOops enabled, and the Java Heap may be blocking the growth of the native heap
# Possible solutions:
#   Reduce memory load on the system
#   Increase physical memory or swap space
#   Check if swap backing store is full
#   Decrease Java heap size (-Xmx/-Xms)
#   Decrease number of Java threads
#   Decrease Java thread stack sizes (-Xss)
#   Set larger code cache with -XX:ReservedCodeCacheSize=
#   JVM is running with Unscaled Compressed Oops mode in which the Java heap is
#     placed in the first 4GB address space. The Java Heap base address is the
#     maximum limit for the native heap growth. Please use -XX:HeapBaseMinAddress
#     to set the Java Heap base and to place the Java Heap above 4GB virtual address.
# This output file may be truncated or incomplete.
#
#  Out of Memory Error (arena.cpp:191), pid=20044, tid=3100
#
# JRE version: OpenJDK Runtime Environment OpenLogic-OpenJDK (17.0.10+7) (build 17.0.10+7-adhoc..jdk17u)
# Java VM: OpenJDK 64-Bit Server VM OpenLogic-OpenJDK (17.0.10+7-adhoc..jdk17u, mixed mode, sharing, tiered, compressed oops, compressed class ptrs, g1 gc, windows-amd64)
# No core dump will be written. Minidumps are not enabled by default on client versions of Windows
#

---------------  S U M M A R Y ------------

Command Line: org.jetbrains.kotlin.cli.jvm.K2JVMCompiler @D:\react_native\EcommerceApp\node_modules\react-native-safe-area-context\android\build\20240402_2818960499437625480.compiler.options

Host: Intel(R) Core(TM) i5-10210U CPU @ 1.60GHz, 8 cores, 7G,  Windows 11 , 64 bit Build 26085 (10.0.26085.1)
Time: Tue Apr  2 18:05:32 2024 India Standard Time elapsed time: 40.495938 seconds (0d 0h 0m 40s)

---------------  T H R E A D  ---------------

Current thread (0x000001379253d560):  JavaThread "C2 CompilerThread1" daemon [_thread_in_native, id=3100, stack(0x0000001226500000,0x0000001226600000)]


Current CompileTask:
C2:  40496 13721       4       org.jetbrains.kotlin.types.AbstractTypeMapper::mapType (540 bytes)

Stack: [0x0000001226500000,0x0000001226600000]
Native frames: (J=compiled Java code, j=interpreted, Vv=VM code, C=native code)
V  [jvm.dll+0x67d6e9]
V  [jvm.dll+0x834dca]
V  [jvm.dll+0x83688e]
V  [jvm.dll+0x836ef3]
V  [jvm.dll+0x247bdf]
V  [jvm.dll+0xac514]
V  [jvm.dll+0xacb5c]
V  [jvm.dll+0x366bd7]
V  [jvm.dll+0x330ffa]
V  [jvm.dll+0x33049a]
V  [jvm.dll+0x21a2a1]
V  [jvm.dll+0x2196c1]
V  [jvm.dll+0x1a512d]
V  [jvm.dll+0x22949e]
V  [jvm.dll+0x22766c]
V  [jvm.dll+0x7e9ea7]
V  [jvm.dll+0x7e42aa]
V  [jvm.dll+0x67c5d5]
C  [ucrtbase.dll+0x43570]
C  [KERNEL32.DLL+0x31fd7]
C  [ntdll.dll+0x6d9c0]


---------------  P R O C E S S  ---------------

Threads class SMR info:
_java_thread_list=0x000001378f198390, length=14, elements={
0x00000137296e53f0, 0x0000013748d6d7f0, 0x0000013748d6ed20, 0x0000013748d84d00,
0x0000013748d855d0, 0x0000013748d8aa20, 0x0000013748d93300, 0x0000013748d96010,
0x0000013748da4e50, 0x0000013748da5760, 0x000001378e119520, 0x000001378e122e80,
0x000001379253d560, 0x0000013792542510
}

Java Threads: ( => current thread )
  0x00000137296e53f0 JavaThread "main" [_thread_in_Java, id=12516, stack(0x0000001224900000,0x0000001224a00000)]
  0x0000013748d6d7f0 JavaThread "Reference Handler" daemon [_thread_blocked, id=22072, stack(0x0000001225000000,0x0000001225100000)]
  0x0000013748d6ed20 JavaThread "Finalizer" daemon [_thread_blocked, id=10496, stack(0x0000001225100000,0x0000001225200000)]
  0x0000013748d84d00 JavaThread "Signal Dispatcher" daemon [_thread_blocked, id=15036, stack(0x0000001225200000,0x0000001225300000)]
  0x0000013748d855d0 JavaThread "Attach Listener" daemon [_thread_blocked, id=22156, stack(0x0000001225300000,0x0000001225400000)]
  0x0000013748d8aa20 JavaThread "Service Thread" daemon [_thread_blocked, id=836, stack(0x0000001225400000,0x0000001225500000)]
  0x0000013748d93300 JavaThread "Monitor Deflation Thread" daemon [_thread_blocked, id=8400, stack(0x0000001225500000,0x0000001225600000)]
  0x0000013748d96010 JavaThread "C2 CompilerThread0" daemon [_thread_in_native, id=15208, stack(0x0000001225600000,0x0000001225700000)]
  0x0000013748da4e50 JavaThread "C1 CompilerThread0" daemon [_thread_blocked, id=9264, stack(0x0000001225700000,0x0000001225800000)]
  0x0000013748da5760 JavaThread "Sweeper thread" daemon [_thread_blocked, id=11956, stack(0x0000001225800000,0x0000001225900000)]
  0x000001378e119520 JavaThread "Notification Thread" daemon [_thread_blocked, id=17972, stack(0x0000001225900000,0x0000001225a00000)]
  0x000001378e122e80 JavaThread "Common-Cleaner" daemon [_thread_blocked, id=8948, stack(0x0000001225b00000,0x0000001225c00000)]
=>0x000001379253d560 JavaThread "C2 CompilerThread1" daemon [_thread_in_native, id=3100, stack(0x0000001226500000,0x0000001226600000)]
  0x0000013792542510 JavaThread "C2 CompilerThread2" daemon [_thread_in_native, id=5488, stack(0x0000001226600000,0x0000001226700000)]

Other Threads:
  0x0000013748d652b0 VMThread "VM Thread" [stack: 0x0000001224f00000,0x0000001225000000] [id=14200]
  0x000001378e119a00 WatcherThread [stack: 0x0000001225a00000,0x0000001225b00000] [id=332]
  0x000001372973faa0 GCTaskThread "GC Thread#0" [stack: 0x0000001224a00000,0x0000001224b00000] [id=21236]
  0x000001378e5c9b50 GCTaskThread "GC Thread#1" [stack: 0x0000001225c00000,0x0000001225d00000] [id=20092]
  0x000001378e5c9e10 GCTaskThread "GC Thread#2" [stack: 0x0000001225d00000,0x0000001225e00000] [id=17756]
  0x000001378e5c9310 GCTaskThread "GC Thread#3" [stack: 0x0000001225e00000,0x0000001225f00000] [id=19952]
  0x000001378e5ca0d0 GCTaskThread "GC Thread#4" [stack: 0x0000001225f00000,0x0000001226000000] [id=18664]
  0x000001378e5c9890 GCTaskThread "GC Thread#5" [stack: 0x0000001226000000,0x0000001226100000] [id=22064]
  0x000001378e5ca390 GCTaskThread "GC Thread#6" [stack: 0x0000001226100000,0x0000001226200000] [id=9896]
  0x000001378e5ca650 GCTaskThread "GC Thread#7" [stack: 0x0000001226200000,0x0000001226300000] [id=23344]
  0x0000013729751080 ConcurrentGCThread "G1 Main Marker" [stack: 0x0000001224b00000,0x0000001224c00000] [id=11468]
  0x00000137297519a0 ConcurrentGCThread "G1 Conc#0" [stack: 0x0000001224c00000,0x0000001224d00000] [id=16948]
  0x000001378e5cae90 ConcurrentGCThread "G1 Conc#1" [stack: 0x0000001226300000,0x0000001226400000] [id=12888]
  0x000001372978e1b0 ConcurrentGCThread "G1 Refine#0" [stack: 0x0000001224d00000,0x0000001224e00000] [id=18720]
  0x000001378f629860 ConcurrentGCThread "G1 Refine#1" [stack: 0x0000001226400000,0x0000001226500000] [id=10668]
  0x000001372978e980 ConcurrentGCThread "G1 Service" [stack: 0x0000001224e00000,0x0000001224f00000] [id=8684]

Threads with active compile tasks:
C2 CompilerThread0    40538 13715       4       org.jetbrains.kotlin.load.kotlin.TypeSignatureMappingKt::mapBuiltInType (339 bytes)
C2 CompilerThread1    40538 13721       4       org.jetbrains.kotlin.types.AbstractTypeMapper::mapType (540 bytes)
C2 CompilerThread2    40538 13898       4       org.jetbrains.kotlin.codegen.JvmCodegenUtil::sanitizeNameIfNeeded (76 bytes)

VM state: not at safepoint (normal execution)

VM Mutex/Monitor currently owned by a thread: None

Heap address: 0x0000000082a00000, size: 2006 MB, Compressed Oops mode: 32-bit

CDS archive(s) mapped at: [0x0000013749000000-0x0000013749bc0000-0x0000013749bc0000), size 12320768, SharedBaseAddress: 0x0000013749000000, ArchiveRelocationMode: 1.
Compressed class space mapped at: 0x000001374a000000-0x000001378a000000, reserved size: 1073741824
Narrow klass base: 0x0000013749000000, Narrow klass shift: 0, Narrow klass range: 0x100000000

GC Precious Log:
 CPUs: 8 total, 8 available
 Memory: 8022M
 Large Page Support: Disabled
 NUMA Support: Disabled
 Compressed Oops: Enabled (32-bit)
 Heap Region Size: 1M
 Heap Min Capacity: 8M
 Heap Initial Capacity: 126M
 Heap Max Capacity: 2006M
 Pre-touch: Disabled
 Parallel Workers: 8
 Concurrent Workers: 2
 Concurrent Refinement Workers: 8
 Periodic GC: Disabled

Heap:
 garbage-first heap   total 175104K, used 88689K [0x0000000082a00000, 0x0000000100000000)
  region size 1024K, 17 young (17408K), 2 survivors (2048K)
 Metaspace       used 79201K, committed 79616K, reserved 1179648K
  class space    used 8819K, committed 9024K, reserved 1048576K

Heap Regions: E=young(eden), S=young(survivor), O=old, HS=humongous(starts), HC=humongous(continues), CS=collection set, F=free, OA=open archive, CA=closed archive, TAMS=top-at-mark-start (previous, next)
|   0|0x0000000082a00000, 0x0000000082b00000, 0x0000000082b00000|100%|HS|  |TAMS 0x0000000082b00000, 0x0000000082a00000| Complete 
|   1|0x0000000082b00000, 0x0000000082c00000, 0x0000000082c00000|100%|HC|  |TAMS 0x0000000082c00000, 0x0000000082b00000| Complete 
|   2|0x0000000082c00000, 0x0000000082d00000, 0x0000000082d00000|100%|HC|  |TAMS 0x0000000082d00000, 0x0000000082c00000| Complete 
|   3|0x0000000082d00000, 0x0000000082e00000, 0x0000000082e00000|100%|HC|  |TAMS 0x0000000082e00000, 0x0000000082d00000| Complete 
|   4|0x0000000082e00000, 0x0000000082f00000, 0x0000000082f00000|100%| O|  |TAMS 0x0000000082f00000, 0x0000000082e00000| Untracked 
|   5|0x0000000082f00000, 0x0000000083000000, 0x0000000083000000|100%| O|  |TAMS 0x0000000083000000, 0x0000000082f00000| Untracked 
|   6|0x0000000083000000, 0x0000000083100000, 0x0000000083100000|100%| O|  |TAMS 0x0000000083100000, 0x0000000083000000| Untracked 
|   7|0x0000000083100000, 0x0000000083200000, 0x0000000083200000|100%|HS|  |TAMS 0x0000000083200000, 0x0000000083100000| Complete 
|   8|0x0000000083200000, 0x0000000083300000, 0x0000000083300000|100%|HC|  |TAMS 0x0000000083300000, 0x0000000083200000| Complete 
|   9|0x0000000083300000, 0x0000000083400000, 0x0000000083400000|100%|HC|  |TAMS 0x0000000083400000, 0x0000000083300000| Complete 
|  10|0x0000000083400000, 0x0000000083500000, 0x0000000083500000|100%|HC|  |TAMS 0x0000000083500000, 0x0000000083400000| Complete 
|  11|0x0000000083500000, 0x0000000083600000, 0x0000000083600000|100%| O|  |TAMS 0x0000000083600000, 0x0000000083500000| Untracked 
|  12|0x0000000083600000, 0x00000000836c8e00, 0x0000000083700000| 78%| O|  |TAMS 0x00000000836c8e00, 0x0000000083600000| Untracked 
|  13|0x0000000083700000, 0x0000000083800000, 0x0000000083800000|100%| O|  |TAMS 0x0000000083800000, 0x0000000083700000| Untracked 
|  14|0x0000000083800000, 0x0000000083900000, 0x0000000083900000|100%| O|  |TAMS 0x0000000083900000, 0x0000000083800000| Untracked 
|  15|0x0000000083900000, 0x0000000083a00000, 0x0000000083a00000|100%| O|  |TAMS 0x0000000083a00000, 0x0000000083900000| Untracked 
|  16|0x0000000083a00000, 0x0000000083b00000, 0x0000000083b00000|100%| O|  |TAMS 0x0000000083b00000, 0x0000000083a00000| Untracked 
|  17|0x0000000083b00000, 0x0000000083c00000, 0x0000000083c00000|100%| O|  |TAMS 0x0000000083c00000, 0x0000000083b00000| Untracked 
|  18|0x0000000083c00000, 0x0000000083d00000, 0x0000000083d00000|100%| O|  |TAMS 0x0000000083d00000, 0x0000000083c00000| Untracked 
|  19|0x0000000083d00000, 0x0000000083e00000, 0x0000000083e00000|100%|HS|  |TAMS 0x0000000083e00000, 0x0000000083d00000| Complete 
|  20|0x0000000083e00000, 0x0000000083f00000, 0x0000000083f00000|100%|HC|  |TAMS 0x0000000083f00000, 0x0000000083e00000| Complete 
|  21|0x0000000083f00000, 0x0000000084000000, 0x0000000084000000|100%| O|  |TAMS 0x0000000084000000, 0x0000000083f00000| Untracked 
|  22|0x0000000084000000, 0x0000000084100000, 0x0000000084100000|100%| O|  |TAMS 0x0000000084100000, 0x0000000084000000| Untracked 
|  23|0x0000000084100000, 0x0000000084200000, 0x0000000084200000|100%| O|  |TAMS 0x0000000084200000, 0x0000000084100000| Untracked 
|  24|0x0000000084200000, 0x0000000084300000, 0x0000000084300000|100%| O|  |TAMS 0x0000000084300000, 0x0000000084200000| Untracked 
|  25|0x0000000084300000, 0x0000000084400000, 0x0000000084400000|100%| O|  |TAMS 0x0000000084400000, 0x0000000084300000| Untracked 
|  26|0x0000000084400000, 0x0000000084500000, 0x0000000084500000|100%| O|  |TAMS 0x0000000084500000, 0x0000000084400000| Untracked 
|  27|0x0000000084500000, 0x0000000084600000, 0x0000000084600000|100%| O|  |TAMS 0x0000000084600000, 0x0000000084500000| Untracked 
|  28|0x0000000084600000, 0x0000000084700000, 0x0000000084700000|100%| O|  |TAMS 0x0000000084700000, 0x0000000084600000| Untracked 
|  29|0x0000000084700000, 0x0000000084800000, 0x0000000084800000|100%| O|  |TAMS 0x0000000084800000, 0x0000000084700000| Untracked 
|  30|0x0000000084800000, 0x0000000084900000, 0x0000000084900000|100%| O|  |TAMS 0x0000000084900000, 0x0000000084800000| Untracked 
|  31|0x0000000084900000, 0x0000000084a00000, 0x0000000084a00000|100%| O|  |TAMS 0x0000000084a00000, 0x0000000084900000| Untracked 
|  32|0x0000000084a00000, 0x0000000084b00000, 0x0000000084b00000|100%| O|  |TAMS 0x0000000084b00000, 0x0000000084a00000| Untracked 
|  33|0x0000000084b00000, 0x0000000084c00000, 0x0000000084c00000|100%| O|  |TAMS 0x0000000084c00000, 0x0000000084b00000| Untracked 
|  34|0x0000000084c00000, 0x0000000084d00000, 0x0000000084d00000|100%| O|  |TAMS 0x0000000084d00000, 0x0000000084c00000| Untracked 
|  35|0x0000000084d00000, 0x0000000084e00000, 0x0000000084e00000|100%| O|  |TAMS 0x0000000084e00000, 0x0000000084d00000| Untracked 
|  36|0x0000000084e00000, 0x0000000084f00000, 0x0000000084f00000|100%| O|  |TAMS 0x0000000084f00000, 0x0000000084e00000| Untracked 
|  37|0x0000000084f00000, 0x0000000085000000, 0x0000000085000000|100%| O|  |TAMS 0x0000000085000000, 0x0000000084f00000| Untracked 
|  38|0x0000000085000000, 0x0000000085100000, 0x0000000085100000|100%| O|  |TAMS 0x0000000085100000, 0x0000000085000000| Untracked 
|  39|0x0000000085100000, 0x0000000085200000, 0x0000000085200000|100%| O|  |TAMS 0x0000000085200000, 0x0000000085100000| Untracked 
|  40|0x0000000085200000, 0x0000000085300000, 0x0000000085300000|100%| O|  |TAMS 0x0000000085300000, 0x0000000085200000| Untracked 
|  41|0x0000000085300000, 0x0000000085400000, 0x0000000085400000|100%| O|  |TAMS 0x0000000085400000, 0x0000000085300000| Untracked 
|  42|0x0000000085400000, 0x0000000085500000, 0x0000000085500000|100%| O|  |TAMS 0x0000000085500000, 0x0000000085400000| Untracked 
|  43|0x0000000085500000, 0x0000000085600000, 0x0000000085600000|100%| O|  |TAMS 0x0000000085600000, 0x0000000085500000| Untracked 
|  44|0x0000000085600000, 0x0000000085700000, 0x0000000085700000|100%| O|  |TAMS 0x0000000085700000, 0x0000000085600000| Untracked 
|  45|0x0000000085700000, 0x0000000085800000, 0x0000000085800000|100%| O|  |TAMS 0x0000000085800000, 0x0000000085700000| Untracked 
|  46|0x0000000085800000, 0x0000000085900000, 0x0000000085900000|100%| O|  |TAMS 0x0000000085900000, 0x0000000085800000| Untracked 
|  47|0x0000000085900000, 0x0000000085a00000, 0x0000000085a00000|100%| O|  |TAMS 0x0000000085a00000, 0x0000000085900000| Untracked 
|  48|0x0000000085a00000, 0x0000000085b00000, 0x0000000085b00000|100%| O|  |TAMS 0x0000000085b00000, 0x0000000085a00000| Untracked 
|  49|0x0000000085b00000, 0x0000000085c00000, 0x0000000085c00000|100%| O|  |TAMS 0x0000000085c00000, 0x0000000085b00000| Untracked 
|  50|0x0000000085c00000, 0x0000000085d00000, 0x0000000085d00000|100%| O|  |TAMS 0x0000000085d00000, 0x0000000085c00000| Untracked 
|  51|0x0000000085d00000, 0x0000000085e00000, 0x0000000085e00000|100%| O|  |TAMS 0x0000000085e00000, 0x0000000085d00000| Complete 
|  52|0x0000000085e00000, 0x0000000085f00000, 0x0000000085f00000|100%| O|  |TAMS 0x0000000085f00000, 0x0000000085e00000| Untracked 
|  53|0x0000000085f00000, 0x0000000086000000, 0x0000000086000000|100%| O|  |TAMS 0x0000000086000000, 0x0000000085f00000| Untracked 
|  54|0x0000000086000000, 0x0000000086100000, 0x0000000086100000|100%| O|  |TAMS 0x0000000086100000, 0x0000000086000000| Untracked 
|  55|0x0000000086100000, 0x0000000086200000, 0x0000000086200000|100%| O|  |TAMS 0x0000000086200000, 0x0000000086100000| Untracked 
|  56|0x0000000086200000, 0x0000000086300000, 0x0000000086300000|100%| O|  |TAMS 0x0000000086300000, 0x0000000086200000| Untracked 
|  57|0x0000000086300000, 0x0000000086400000, 0x0000000086400000|100%| O|  |TAMS 0x0000000086400000, 0x0000000086300000| Untracked 
|  58|0x0000000086400000, 0x0000000086500000, 0x0000000086500000|100%| O|  |TAMS 0x0000000086500000, 0x0000000086400000| Untracked 
|  59|0x0000000086500000, 0x0000000086500000, 0x0000000086600000|  0%| F|  |TAMS 0x0000000086500000, 0x0000000086500000| Untracked 
|  60|0x0000000086600000, 0x0000000086700000, 0x0000000086700000|100%| O|  |TAMS 0x0000000086700000, 0x0000000086600000| Untracked 
|  61|0x0000000086700000, 0x0000000086800000, 0x0000000086800000|100%| O|  |TAMS 0x0000000086800000, 0x0000000086700000| Untracked 
|  62|0x0000000086800000, 0x0000000086900000, 0x0000000086900000|100%| O|  |TAMS 0x0000000086900000, 0x0000000086800000| Untracked 
|  63|0x0000000086900000, 0x0000000086a00000, 0x0000000086a00000|100%| O|  |TAMS 0x0000000086a00000, 0x0000000086900000| Untracked 
|  64|0x0000000086a00000, 0x0000000086b00000, 0x0000000086b00000|100%| O|  |TAMS 0x0000000086b00000, 0x0000000086a00000| Untracked 
|  65|0x0000000086b00000, 0x0000000086c00000, 0x0000000086c00000|100%| O|  |TAMS 0x0000000086c00000, 0x0000000086b00000| Untracked 
|  66|0x0000000086c00000, 0x0000000086d00000, 0x0000000086d00000|100%| O|  |TAMS 0x0000000086d00000, 0x0000000086c00000| Untracked 
|  67|0x0000000086d00000, 0x0000000086e00000, 0x0000000086e00000|100%| O|  |TAMS 0x0000000086e00000, 0x0000000086d00000| Untracked 
|  68|0x0000000086e00000, 0x0000000086f00000, 0x0000000086f00000|100%| O|  |TAMS 0x0000000086f00000, 0x0000000086e00000| Untracked 
|  69|0x0000000086f00000, 0x0000000087000000, 0x0000000087000000|100%| O|  |TAMS 0x0000000087000000, 0x0000000086f00000| Untracked 
|  70|0x0000000087000000, 0x0000000087100000, 0x0000000087100000|100%| O|  |TAMS 0x0000000087100000, 0x0000000087000000| Untracked 
|  71|0x0000000087100000, 0x0000000087200000, 0x0000000087200000|100%| O|  |TAMS 0x0000000087200000, 0x0000000087100000| Untracked 
|  72|0x0000000087200000, 0x0000000087200000, 0x0000000087300000|  0%| F|  |TAMS 0x0000000087200000, 0x0000000087200000| Untracked 
|  73|0x0000000087300000, 0x0000000087300000, 0x0000000087400000|  0%| F|  |TAMS 0x0000000087300000, 0x0000000087300000| Untracked 
|  74|0x0000000087400000, 0x0000000087400000, 0x0000000087500000|  0%| F|  |TAMS 0x0000000087400000, 0x0000000087400000| Untracked 
|  75|0x0000000087500000, 0x0000000087500000, 0x0000000087600000|  0%| F|  |TAMS 0x0000000087500000, 0x0000000087500000| Untracked 
|  76|0x0000000087600000, 0x0000000087600000, 0x0000000087700000|  0%| F|  |TAMS 0x0000000087600000, 0x0000000087600000| Untracked 
|  77|0x0000000087700000, 0x0000000087700000, 0x0000000087800000|  0%| F|  |TAMS 0x0000000087700000, 0x0000000087700000| Untracked 
|  78|0x0000000087800000, 0x0000000087800000, 0x0000000087900000|  0%| F|  |TAMS 0x0000000087800000, 0x0000000087800000| Untracked 
|  79|0x0000000087900000, 0x0000000087900000, 0x0000000087a00000|  0%| F|  |TAMS 0x0000000087900000, 0x0000000087900000| Untracked 
|  80|0x0000000087a00000, 0x0000000087a00000, 0x0000000087b00000|  0%| F|  |TAMS 0x0000000087a00000, 0x0000000087a00000| Untracked 
|  81|0x0000000087b00000, 0x0000000087b00000, 0x0000000087c00000|  0%| F|  |TAMS 0x0000000087b00000, 0x0000000087b00000| Untracked 
|  82|0x0000000087c00000, 0x0000000087c00000, 0x0000000087d00000|  0%| F|  |TAMS 0x0000000087c00000, 0x0000000087c00000| Untracked 
|  83|0x0000000087d00000, 0x0000000087d00000, 0x0000000087e00000|  0%| F|  |TAMS 0x0000000087d00000, 0x0000000087d00000| Untracked 
|  84|0x0000000087e00000, 0x0000000087e00000, 0x0000000087f00000|  0%| F|  |TAMS 0x0000000087e00000, 0x0000000087e00000| Untracked 
|  85|0x0000000087f00000, 0x0000000087f00000, 0x0000000088000000|  0%| F|  |TAMS 0x0000000087f00000, 0x0000000087f00000| Untracked 
|  86|0x0000000088000000, 0x0000000088000000, 0x0000000088100000|  0%| F|  |TAMS 0x0000000088000000, 0x0000000088000000| Untracked 
|  87|0x0000000088100000, 0x0000000088100000, 0x0000000088200000|  0%| F|  |TAMS 0x0000000088100000, 0x0000000088100000| Untracked 
|  88|0x0000000088200000, 0x0000000088200000, 0x0000000088300000|  0%| F|  |TAMS 0x0000000088200000, 0x0000000088200000| Untracked 
|  89|0x0000000088300000, 0x0000000088300000, 0x0000000088400000|  0%| F|  |TAMS 0x0000000088300000, 0x0000000088300000| Untracked 
|  90|0x0000000088400000, 0x0000000088400000, 0x0000000088500000|  0%| F|  |TAMS 0x0000000088400000, 0x0000000088400000| Untracked 
|  91|0x0000000088500000, 0x00000000885d38c0, 0x0000000088600000| 82%| S|CS|TAMS 0x0000000088500000, 0x0000000088500000| Complete 
|  92|0x0000000088600000, 0x0000000088700000, 0x0000000088700000|100%| S|CS|TAMS 0x0000000088600000, 0x0000000088600000| Complete 
|  93|0x0000000088700000, 0x0000000088700000, 0x0000000088800000|  0%| F|  |TAMS 0x0000000088700000, 0x0000000088700000| Untracked 
|  94|0x0000000088800000, 0x0000000088800000, 0x0000000088900000|  0%| F|  |TAMS 0x0000000088800000, 0x0000000088800000| Untracked 
|  95|0x0000000088900000, 0x0000000088900000, 0x0000000088a00000|  0%| F|  |TAMS 0x0000000088900000, 0x0000000088900000| Untracked 
|  96|0x0000000088a00000, 0x0000000088a00000, 0x0000000088b00000|  0%| F|  |TAMS 0x0000000088a00000, 0x0000000088a00000| Untracked 
|  97|0x0000000088b00000, 0x0000000088b00000, 0x0000000088c00000|  0%| F|  |TAMS 0x0000000088b00000, 0x0000000088b00000| Untracked 
|  98|0x0000000088c00000, 0x0000000088c00000, 0x0000000088d00000|  0%| F|  |TAMS 0x0000000088c00000, 0x0000000088c00000| Untracked 
|  99|0x0000000088d00000, 0x0000000088d00000, 0x0000000088e00000|  0%| F|  |TAMS 0x0000000088d00000, 0x0000000088d00000| Untracked 
| 100|0x0000000088e00000, 0x0000000088e00000, 0x0000000088f00000|  0%| F|  |TAMS 0x0000000088e00000, 0x0000000088e00000| Untracked 
| 101|0x0000000088f00000, 0x0000000088f00000, 0x0000000089000000|  0%| F|  |TAMS 0x0000000088f00000, 0x0000000088f00000| Untracked 
| 102|0x0000000089000000, 0x0000000089000000, 0x0000000089100000|  0%| F|  |TAMS 0x0000000089000000, 0x0000000089000000| Untracked 
| 103|0x0000000089100000, 0x0000000089100000, 0x0000000089200000|  0%| F|  |TAMS 0x0000000089100000, 0x0000000089100000| Untracked 
| 104|0x0000000089200000, 0x0000000089200000, 0x0000000089300000|  0%| F|  |TAMS 0x0000000089200000, 0x0000000089200000| Untracked 
| 105|0x0000000089300000, 0x0000000089300000, 0x0000000089400000|  0%| F|  |TAMS 0x0000000089300000, 0x0000000089300000| Untracked 
| 106|0x0000000089400000, 0x0000000089400000, 0x0000000089500000|  0%| F|  |TAMS 0x0000000089400000, 0x0000000089400000| Untracked 
| 107|0x0000000089500000, 0x0000000089500000, 0x0000000089600000|  0%| F|  |TAMS 0x0000000089500000, 0x0000000089500000| Untracked 
| 108|0x0000000089600000, 0x0000000089600000, 0x0000000089700000|  0%| F|  |TAMS 0x0000000089600000, 0x0000000089600000| Untracked 
| 109|0x0000000089700000, 0x0000000089700000, 0x0000000089800000|  0%| F|  |TAMS 0x0000000089700000, 0x0000000089700000| Untracked 
| 110|0x0000000089800000, 0x0000000089800000, 0x0000000089900000|  0%| F|  |TAMS 0x0000000089800000, 0x0000000089800000| Untracked 
| 111|0x0000000089900000, 0x0000000089900000, 0x0000000089a00000|  0%| F|  |TAMS 0x0000000089900000, 0x0000000089900000| Untracked 
| 112|0x0000000089a00000, 0x0000000089a00000, 0x0000000089b00000|  0%| F|  |TAMS 0x0000000089a00000, 0x0000000089a00000| Untracked 
| 113|0x0000000089b00000, 0x0000000089b00000, 0x0000000089c00000|  0%| F|  |TAMS 0x0000000089b00000, 0x0000000089b00000| Untracked 
| 114|0x0000000089c00000, 0x0000000089c00000, 0x0000000089d00000|  0%| F|  |TAMS 0x0000000089c00000, 0x0000000089c00000| Untracked 
| 115|0x0000000089d00000, 0x0000000089d00000, 0x0000000089e00000|  0%| F|  |TAMS 0x0000000089d00000, 0x0000000089d00000| Untracked 
| 116|0x0000000089e00000, 0x0000000089e00000, 0x0000000089f00000|  0%| F|  |TAMS 0x0000000089e00000, 0x0000000089e00000| Untracked 
| 117|0x0000000089f00000, 0x0000000089f00000, 0x000000008a000000|  0%| F|  |TAMS 0x0000000089f00000, 0x0000000089f00000| Untracked 
| 118|0x000000008a000000, 0x000000008a000000, 0x000000008a100000|  0%| F|  |TAMS 0x000000008a000000, 0x000000008a000000| Untracked 
| 119|0x000000008a100000, 0x000000008a100000, 0x000000008a200000|  0%| F|  |TAMS 0x000000008a100000, 0x000000008a100000| Untracked 
| 120|0x000000008a200000, 0x000000008a200000, 0x000000008a300000|  0%| F|  |TAMS 0x000000008a200000, 0x000000008a200000| Untracked 
| 121|0x000000008a300000, 0x000000008a300000, 0x000000008a400000|  0%| F|  |TAMS 0x000000008a300000, 0x000000008a300000| Untracked 
| 122|0x000000008a400000, 0x000000008a400000, 0x000000008a500000|  0%| F|  |TAMS 0x000000008a400000, 0x000000008a400000| Untracked 
| 123|0x000000008a500000, 0x000000008a500000, 0x000000008a600000|  0%| F|  |TAMS 0x000000008a500000, 0x000000008a500000| Untracked 
| 124|0x000000008a600000, 0x000000008a600000, 0x000000008a700000|  0%| F|  |TAMS 0x000000008a600000, 0x000000008a600000| Untracked 
| 125|0x000000008a700000, 0x000000008a700000, 0x000000008a800000|  0%| F|  |TAMS 0x000000008a700000, 0x000000008a700000| Untracked 
| 126|0x000000008a800000, 0x000000008a800000, 0x000000008a900000|  0%| F|  |TAMS 0x000000008a800000, 0x000000008a800000| Untracked 
| 127|0x000000008a900000, 0x000000008a900000, 0x000000008aa00000|  0%| F|  |TAMS 0x000000008a900000, 0x000000008a900000| Untracked 
| 128|0x000000008aa00000, 0x000000008aa00000, 0x000000008ab00000|  0%| F|  |TAMS 0x000000008aa00000, 0x000000008aa00000| Untracked 
| 129|0x000000008ab00000, 0x000000008ab00000, 0x000000008ac00000|  0%| F|  |TAMS 0x000000008ab00000, 0x000000008ab00000| Untracked 
| 130|0x000000008ac00000, 0x000000008ac00000, 0x000000008ad00000|  0%| F|  |TAMS 0x000000008ac00000, 0x000000008ac00000| Untracked 
| 131|0x000000008ad00000, 0x000000008ad00000, 0x000000008ae00000|  0%| F|  |TAMS 0x000000008ad00000, 0x000000008ad00000| Untracked 
| 132|0x000000008ae00000, 0x000000008ae00000, 0x000000008af00000|  0%| F|  |TAMS 0x000000008ae00000, 0x000000008ae00000| Untracked 
| 133|0x000000008af00000, 0x000000008af00000, 0x000000008b000000|  0%| F|  |TAMS 0x000000008af00000, 0x000000008af00000| Untracked 
| 134|0x000000008b000000, 0x000000008b000000, 0x000000008b100000|  0%| F|  |TAMS 0x000000008b000000, 0x000000008b000000| Untracked 
| 135|0x000000008b100000, 0x000000008b100000, 0x000000008b200000|  0%| F|  |TAMS 0x000000008b100000, 0x000000008b100000| Untracked 
| 136|0x000000008b200000, 0x000000008b200000, 0x000000008b300000|  0%| F|  |TAMS 0x000000008b200000, 0x000000008b200000| Untracked 
| 137|0x000000008b300000, 0x000000008b300000, 0x000000008b400000|  0%| F|  |TAMS 0x000000008b300000, 0x000000008b300000| Untracked 
| 138|0x000000008b400000, 0x000000008b400000, 0x000000008b500000|  0%| F|  |TAMS 0x000000008b400000, 0x000000008b400000| Untracked 
| 139|0x000000008b500000, 0x000000008b500000, 0x000000008b600000|  0%| F|  |TAMS 0x000000008b500000, 0x000000008b500000| Untracked 
| 140|0x000000008b600000, 0x000000008b600000, 0x000000008b700000|  0%| F|  |TAMS 0x000000008b600000, 0x000000008b600000| Untracked 
| 141|0x000000008b700000, 0x000000008b700000, 0x000000008b800000|  0%| F|  |TAMS 0x000000008b700000, 0x000000008b700000| Untracked 
| 142|0x000000008b800000, 0x000000008b800000, 0x000000008b900000|  0%| F|  |TAMS 0x000000008b800000, 0x000000008b800000| Untracked 
| 143|0x000000008b900000, 0x000000008b900000, 0x000000008ba00000|  0%| F|  |TAMS 0x000000008b900000, 0x000000008b900000| Untracked 
| 144|0x000000008ba00000, 0x000000008ba00000, 0x000000008bb00000|  0%| F|  |TAMS 0x000000008ba00000, 0x000000008ba00000| Untracked 
| 145|0x000000008bb00000, 0x000000008bb00000, 0x000000008bc00000|  0%| F|  |TAMS 0x000000008bb00000, 0x000000008bb00000| Untracked 
| 146|0x000000008bc00000, 0x000000008bc00000, 0x000000008bd00000|  0%| F|  |TAMS 0x000000008bc00000, 0x000000008bc00000| Untracked 
| 147|0x000000008bd00000, 0x000000008bd00000, 0x000000008be00000|  0%| F|  |TAMS 0x000000008bd00000, 0x000000008bd00000| Untracked 
| 148|0x000000008be00000, 0x000000008be00000, 0x000000008bf00000|  0%| F|  |TAMS 0x000000008be00000, 0x000000008be00000| Untracked 
| 149|0x000000008bf00000, 0x000000008bf00000, 0x000000008c000000|  0%| F|  |TAMS 0x000000008bf00000, 0x000000008bf00000| Untracked 
| 150|0x000000008c000000, 0x000000008c000000, 0x000000008c100000|  0%| F|  |TAMS 0x000000008c000000, 0x000000008c000000| Untracked 
| 151|0x000000008c100000, 0x000000008c100000, 0x000000008c200000|  0%| F|  |TAMS 0x000000008c100000, 0x000000008c100000| Untracked 
| 152|0x000000008c200000, 0x000000008c200000, 0x000000008c300000|  0%| F|  |TAMS 0x000000008c200000, 0x000000008c200000| Untracked 
| 153|0x000000008c300000, 0x000000008c300000, 0x000000008c400000|  0%| F|  |TAMS 0x000000008c300000, 0x000000008c300000| Untracked 
| 154|0x000000008c400000, 0x000000008c400000, 0x000000008c500000|  0%| F|  |TAMS 0x000000008c400000, 0x000000008c400000| Untracked 
| 155|0x000000008c500000, 0x000000008c580800, 0x000000008c600000| 50%| E|  |TAMS 0x000000008c500000, 0x000000008c500000| Complete 
| 156|0x000000008c600000, 0x000000008c700000, 0x000000008c700000|100%| E|CS|TAMS 0x000000008c600000, 0x000000008c600000| Complete 
| 157|0x000000008c700000, 0x000000008c800000, 0x000000008c800000|100%| E|CS|TAMS 0x000000008c700000, 0x000000008c700000| Complete 
| 158|0x000000008c800000, 0x000000008c900000, 0x000000008c900000|100%| E|CS|TAMS 0x000000008c800000, 0x000000008c800000| Complete 
| 159|0x000000008c900000, 0x000000008ca00000, 0x000000008ca00000|100%| E|CS|TAMS 0x000000008c900000, 0x000000008c900000| Complete 
| 160|0x000000008ca00000, 0x000000008cb00000, 0x000000008cb00000|100%| E|CS|TAMS 0x000000008ca00000, 0x000000008ca00000| Complete 
| 161|0x000000008cb00000, 0x000000008cc00000, 0x000000008cc00000|100%| E|CS|TAMS 0x000000008cb00000, 0x000000008cb00000| Complete 
| 162|0x000000008cc00000, 0x000000008cd00000, 0x000000008cd00000|100%| E|CS|TAMS 0x000000008cc00000, 0x000000008cc00000| Complete 
| 163|0x000000008cd00000, 0x000000008ce00000, 0x000000008ce00000|100%| E|CS|TAMS 0x000000008cd00000, 0x000000008cd00000| Complete 
| 164|0x000000008ce00000, 0x000000008cf00000, 0x000000008cf00000|100%| E|CS|TAMS 0x000000008ce00000, 0x000000008ce00000| Complete 
| 165|0x000000008cf00000, 0x000000008d000000, 0x000000008d000000|100%| E|CS|TAMS 0x000000008cf00000, 0x000000008cf00000| Complete 
| 166|0x000000008d000000, 0x000000008d100000, 0x000000008d100000|100%| E|CS|TAMS 0x000000008d000000, 0x000000008d000000| Complete 
| 167|0x000000008d100000, 0x000000008d200000, 0x000000008d200000|100%| E|CS|TAMS 0x000000008d100000, 0x000000008d100000| Complete 
| 168|0x000000008d200000, 0x000000008d300000, 0x000000008d300000|100%| E|CS|TAMS 0x000000008d200000, 0x000000008d200000| Complete 
| 169|0x000000008d300000, 0x000000008d400000, 0x000000008d400000|100%| E|CS|TAMS 0x000000008d300000, 0x000000008d300000| Complete 
| 170|0x000000008d400000, 0x000000008d500000, 0x000000008d500000|100%| E|CS|TAMS 0x000000008d400000, 0x000000008d400000| Complete 

Card table byte_map: [0x0000013741ca0000,0x0000013742090000] _byte_map_base: 0x000001374188b000

Marking Bits (Prev, Next): (CMBitMap*) 0x000001372973ffc0, (CMBitMap*) 0x0000013729740000
 Prev Bits: [0x0000013742480000, 0x00000137443d8000)
 Next Bits: [0x00000137443e0000, 0x0000013746338000)

Polling page: 0x0000013727680000

Metaspace:

Usage:
  Non-class:     68.73 MB used.
      Class:      8.61 MB used.
       Both:     77.34 MB used.

Virtual space:
  Non-class space:      128.00 MB reserved,      68.94 MB ( 54%) committed,  2 nodes.
      Class space:        1.00 GB reserved,       8.81 MB ( <1%) committed,  1 nodes.
             Both:        1.12 GB reserved,      77.75 MB (  7%) committed. 

Chunk freelists:
   Non-Class:  11.03 MB
       Class:  7.05 MB
        Both:  18.08 MB

MaxMetaspaceSize: unlimited
CompressedClassSpaceSize: 1.00 GB
Initial GC threshold: 21.00 MB
Current GC threshold: 128.69 MB
CDS: on
MetaspaceReclaimPolicy: balanced
 - commit_granule_bytes: 65536.
 - commit_granule_words: 8192.
 - virtual_space_node_default_size: 8388608.
 - enlarge_chunks_in_place: 1.
 - new_chunks_are_fully_committed: 0.
 - uncommit_free_chunks: 1.
 - use_allocation_guard: 0.
 - handle_deallocations: 1.


Internal statistics:

num_allocs_failed_limit: 6.
num_arena_births: 380.
num_arena_deaths: 0.
num_vsnodes_births: 3.
num_vsnodes_deaths: 0.
num_space_committed: 1242.
num_space_uncommitted: 0.
num_chunks_returned_to_freelist: 6.
num_chunks_taken_from_freelist: 3129.
num_chunk_merges: 6.
num_chunk_splits: 2585.
num_chunks_enlarged: 2318.
num_inconsistent_stats: 0.

CodeHeap 'non-profiled nmethods': size=120000Kb used=6720Kb max_used=6753Kb free=113280Kb
 bounds [0x000001373a040000, 0x000001373a6e0000, 0x0000013741570000]
CodeHeap 'profiled nmethods': size=120000Kb used=36361Kb max_used=36361Kb free=83638Kb
 bounds [0x0000013732570000, 0x0000013734900000, 0x0000013739aa0000]
CodeHeap 'non-nmethods': size=5760Kb used=1415Kb max_used=1530Kb free=4344Kb
 bounds [0x0000013739aa0000, 0x0000013739d10000, 0x000001373a040000]
 total_blobs=12666 nmethods=11919 adapters=656
 compilation: enabled
              stopped_count=0, restarted_count=0
 full_count=0

Compilation events (20 events):
Event: 40.397 Thread 0x0000013748da4e50 nmethod 14001 0x000001373a55cc10 code [0x000001373a55cda0, 0x000001373a55ce78]
Event: 40.397 Thread 0x0000013748da4e50 14007       1       org.jetbrains.kotlin.ir.declarations.impl.IrConstructorImpl::getContextReceiverParametersCount (5 bytes)
Event: 40.397 Thread 0x0000013748da4e50 nmethod 14007 0x000001373a55c910 code [0x000001373a55caa0, 0x000001373a55cb78]
Event: 40.397 Thread 0x0000013748da4e50 14009       3       org.jetbrains.kotlin.resolve.jvm.jvmSignature.JvmMethodParameterSignature::getKind (13 bytes)
Event: 40.398 Thread 0x0000013748da4e50 nmethod 14009 0x00000137348c8510 code [0x00000137348c86c0, 0x00000137348c8848]
Event: 40.400 Thread 0x0000013748da4e50 14010       3       kotlin.text.StringsKt__StringsKt::findAnyOf$StringsKt__StringsKt (442 bytes)
Event: 40.406 Thread 0x0000013748da4e50 nmethod 14010 0x00000137348c8910 code [0x00000137348c8e80, 0x00000137348cc4f8]
Event: 40.407 Thread 0x0000013748da4e50 14012       3       org.jetbrains.org.objectweb.asm.tree.LdcInsnNode::accept (14 bytes)
Event: 40.407 Thread 0x0000013748da4e50 nmethod 14012 0x00000137348cd510 code [0x00000137348cd6c0, 0x00000137348cd8d8]
Event: 40.407 Thread 0x0000013748da4e50 14011       1       kotlin.ranges.IntProgression::getStep (5 bytes)
Event: 40.407 Thread 0x0000013748da4e50 nmethod 14011 0x000001373a55c610 code [0x000001373a55c7a0, 0x000001373a55c878]
Event: 40.410 Thread 0x0000013792542510 nmethod 13882 0x000001373a558b90 code [0x000001373a558e60, 0x000001373a55b620]
Event: 40.411 Thread 0x0000013792542510 13977       4       org.jetbrains.org.objectweb.asm.Type::equals (147 bytes)
Event: 40.411 Thread 0x0000013748da4e50 14013       3       org.jetbrains.org.objectweb.asm.tree.AnnotationNode::visitEnd (1 bytes)
Event: 40.411 Thread 0x0000013748da4e50 nmethod 14013 0x00000137348cda10 code [0x00000137348cdba0, 0x00000137348cdcb8]
Event: 40.412 Thread 0x0000013748da4e50 14014       3       org.jetbrains.org.objectweb.asm.tree.AnnotationNode::<init> (25 bytes)
Event: 40.412 Thread 0x0000013748da4e50 nmethod 14014 0x00000137348cdd90 code [0x00000137348cdf60, 0x00000137348ce338]
Event: 40.412 Thread 0x0000013748da4e50 14015       3       org.jetbrains.org.objectweb.asm.tree.AnnotationNode::<init> (11 bytes)
Event: 40.413 Thread 0x0000013748da4e50 nmethod 14015 0x00000137348ce510 code [0x00000137348ce6c0, 0x00000137348ce8c8]
Event: 40.413 Thread 0x0000013748da4e50 14016       3       org.jetbrains.kotlin.codegen.inline.InlineCodegenUtilsKt::preprocessSuspendMarkers (446 bytes)

GC Heap History (20 events):
Event: 19.119 GC heap before
{Heap before GC invocations=13 (full 0):
 garbage-first heap   total 99328K, used 76579K [0x0000000082a00000, 0x0000000100000000)
  region size 1024K, 36 young (36864K), 6 survivors (6144K)
 Metaspace       used 52800K, committed 53120K, reserved 1114112K
  class space    used 6411K, committed 6592K, reserved 1048576K
}
Event: 19.165 GC heap after
{Heap after GC invocations=14 (full 0):
 garbage-first heap   total 99328K, used 50979K [0x0000000082a00000, 0x0000000100000000)
  region size 1024K, 5 young (5120K), 5 survivors (5120K)
 Metaspace       used 52800K, committed 53120K, reserved 1114112K
  class space    used 6411K, committed 6592K, reserved 1048576K
}
Event: 21.305 GC heap before
{Heap before GC invocations=14 (full 0):
 garbage-first heap   total 99328K, used 77603K [0x0000000082a00000, 0x0000000100000000)
  region size 1024K, 31 young (31744K), 5 survivors (5120K)
 Metaspace       used 54706K, committed 55040K, reserved 1114112K
  class space    used 6611K, committed 6784K, reserved 1048576K
}
Event: 21.339 GC heap after
{Heap after GC invocations=15 (full 0):
 garbage-first heap   total 119808K, used 54019K [0x0000000082a00000, 0x0000000100000000)
  region size 1024K, 4 young (4096K), 4 survivors (4096K)
 Metaspace       used 54706K, committed 55040K, reserved 1114112K
  class space    used 6611K, committed 6784K, reserved 1048576K
}
Event: 26.081 GC heap before
{Heap before GC invocations=16 (full 0):
 garbage-first heap   total 119808K, used 92931K [0x0000000082a00000, 0x0000000100000000)
  region size 1024K, 41 young (41984K), 4 survivors (4096K)
 Metaspace       used 57335K, committed 57664K, reserved 1114112K
  class space    used 6738K, committed 6912K, reserved 1048576K
}
Event: 26.125 GC heap after
{Heap after GC invocations=17 (full 0):
 garbage-first heap   total 119808K, used 59098K [0x0000000082a00000, 0x0000000100000000)
  region size 1024K, 6 young (6144K), 6 survivors (6144K)
 Metaspace       used 57335K, committed 57664K, reserved 1114112K
  class space    used 6738K, committed 6912K, reserved 1048576K
}
Event: 28.989 GC heap before
{Heap before GC invocations=17 (full 0):
 garbage-first heap   total 119808K, used 93914K [0x0000000082a00000, 0x0000000100000000)
  region size 1024K, 40 young (40960K), 6 survivors (6144K)
 Metaspace       used 60339K, committed 60672K, reserved 1114112K
  class space    used 7031K, committed 7168K, reserved 1048576K
}
Event: 29.028 GC heap after
{Heap after GC invocations=18 (full 0):
 garbage-first heap   total 119808K, used 61568K [0x0000000082a00000, 0x0000000100000000)
  region size 1024K, 4 young (4096K), 4 survivors (4096K)
 Metaspace       used 60339K, committed 60672K, reserved 1114112K
  class space    used 7031K, committed 7168K, reserved 1048576K
}
Event: 32.694 GC heap before
{Heap before GC invocations=18 (full 0):
 garbage-first heap   total 119808K, used 95360K [0x0000000082a00000, 0x0000000100000000)
  region size 1024K, 37 young (37888K), 4 survivors (4096K)
 Metaspace       used 65009K, committed 65344K, reserved 1114112K
  class space    used 7471K, committed 7616K, reserved 1048576K
}
Event: 32.730 GC heap after
{Heap after GC invocations=19 (full 0):
 garbage-first heap   total 119808K, used 65959K [0x0000000082a00000, 0x0000000100000000)
  region size 1024K, 5 young (5120K), 5 survivors (5120K)
 Metaspace       used 65009K, committed 65344K, reserved 1114112K
  class space    used 7471K, committed 7616K, reserved 1048576K
}
Event: 34.785 GC heap before
{Heap before GC invocations=20 (full 0):
 garbage-first heap   total 119808K, used 95655K [0x0000000082a00000, 0x0000000100000000)
  region size 1024K, 34 young (34816K), 5 survivors (5120K)
 Metaspace       used 70791K, committed 71168K, reserved 1114112K
  class space    used 8125K, committed 8320K, reserved 1048576K
}
Event: 34.820 GC heap after
{Heap after GC invocations=21 (full 0):
 garbage-first heap   total 119808K, used 68897K [0x0000000082a00000, 0x0000000100000000)
  region size 1024K, 3 young (3072K), 3 survivors (3072K)
 Metaspace       used 70791K, committed 71168K, reserved 1114112K
  class space    used 8125K, committed 8320K, reserved 1048576K
}
Event: 36.158 GC heap before
{Heap before GC invocations=21 (full 0):
 garbage-first heap   total 119808K, used 96545K [0x0000000082a00000, 0x0000000100000000)
  region size 1024K, 30 young (30720K), 3 survivors (3072K)
 Metaspace       used 73460K, committed 73792K, reserved 1114112K
  class space    used 8373K, committed 8576K, reserved 1048576K
}
Event: 36.202 GC heap after
{Heap after GC invocations=22 (full 0):
 garbage-first heap   total 119808K, used 71877K [0x0000000082a00000, 0x0000000100000000)
  region size 1024K, 3 young (3072K), 3 survivors (3072K)
 Metaspace       used 73460K, committed 73792K, reserved 1114112K
  class space    used 8373K, committed 8576K, reserved 1048576K
}
Event: 37.625 GC heap before
{Heap before GC invocations=23 (full 0):
 garbage-first heap   total 124928K, used 96453K [0x0000000082a00000, 0x0000000100000000)
  region size 1024K, 27 young (27648K), 3 survivors (3072K)
 Metaspace       used 74157K, committed 74496K, reserved 1179648K
  class space    used 8419K, committed 8576K, reserved 1048576K
}
Event: 37.646 GC heap after
{Heap after GC invocations=24 (full 0):
 garbage-first heap   total 124928K, used 73651K [0x0000000082a00000, 0x0000000100000000)
  region size 1024K, 2 young (2048K), 2 survivors (2048K)
 Metaspace       used 74157K, committed 74496K, reserved 1179648K
  class space    used 8419K, committed 8576K, reserved 1048576K
}
Event: 37.975 GC heap before
{Heap before GC invocations=24 (full 0):
 garbage-first heap   total 124928K, used 77747K [0x0000000082a00000, 0x0000000100000000)
  region size 1024K, 6 young (6144K), 2 survivors (2048K)
 Metaspace       used 74302K, committed 74624K, reserved 1179648K
  class space    used 8431K, committed 8576K, reserved 1048576K
}
Event: 38.017 GC heap after
{Heap after GC invocations=25 (full 0):
 garbage-first heap   total 124928K, used 72963K [0x0000000082a00000, 0x0000000100000000)
  region size 1024K, 1 young (1024K), 1 survivors (1024K)
 Metaspace       used 74302K, committed 74624K, reserved 1179648K
  class space    used 8431K, committed 8576K, reserved 1048576K
}
Event: 39.440 GC heap before
{Heap before GC invocations=25 (full 0):
 garbage-first heap   total 124928K, used 100611K [0x0000000082a00000, 0x0000000100000000)
  region size 1024K, 29 young (29696K), 1 survivors (1024K)
 Metaspace       used 78554K, committed 78912K, reserved 1179648K
  class space    used 8779K, committed 8960K, reserved 1048576K
}
Event: 39.458 GC heap after
{Heap after GC invocations=26 (full 0):
 garbage-first heap   total 175104K, used 74353K [0x0000000082a00000, 0x0000000100000000)
  region size 1024K, 2 young (2048K), 2 survivors (2048K)
 Metaspace       used 78554K, committed 78912K, reserved 1179648K
  class space    used 8779K, committed 8960K, reserved 1048576K
}

Dll operation events (7 events):
Event: 0.019 Loaded shared library C:\Program Files\OpenLogic\jdk-17.0.10.7-hotspot\bin\java.dll
Event: 0.062 Loaded shared library C:\Program Files\OpenLogic\jdk-17.0.10.7-hotspot\bin\jsvml.dll
Event: 0.138 Loaded shared library C:\Program Files\OpenLogic\jdk-17.0.10.7-hotspot\bin\net.dll
Event: 0.141 Loaded shared library C:\Program Files\OpenLogic\jdk-17.0.10.7-hotspot\bin\nio.dll
Event: 0.187 Loaded shared library C:\Program Files\OpenLogic\jdk-17.0.10.7-hotspot\bin\zip.dll
Event: 0.249 Loaded shared library C:\Program Files\OpenLogic\jdk-17.0.10.7-hotspot\bin\jimage.dll
Event: 2.331 Loaded shared library C:\Program Files\OpenLogic\jdk-17.0.10.7-hotspot\bin\verify.dll

Deoptimization events (20 events):
Event: 39.760 Thread 0x00000137296e53f0 Uncommon trap: trap_request=0xffffff45 fr.pc=0x000001373a4760c0 relative=0x0000000000000680
Event: 39.760 Thread 0x00000137296e53f0 Uncommon trap: reason=unstable_if action=reinterpret pc=0x000001373a4760c0 method=java.lang.String.valueOf(Ljava/lang/Object;)Ljava/lang/String; @ 1 c2
Event: 39.760 Thread 0x00000137296e53f0 DEOPT PACKING pc=0x000001373a4760c0 sp=0x00000012249fc690
Event: 39.760 Thread 0x00000137296e53f0 DEOPT UNPACKING pc=0x0000013739af69a3 sp=0x00000012249fc618 mode 2
Event: 39.843 Thread 0x00000137296e53f0 Uncommon trap: trap_request=0xffffffde fr.pc=0x000001373a68fbf8 relative=0x0000000000000838
Event: 39.843 Thread 0x00000137296e53f0 Uncommon trap: reason=class_check action=maybe_recompile pc=0x000001373a68fbf8 method=java.util.HashMap.removeNode(ILjava/lang/Object;Ljava/lang/Object;ZZ)Ljava/util/HashMap$Node; @ 283 c2
Event: 39.843 Thread 0x00000137296e53f0 DEOPT PACKING pc=0x000001373a68fbf8 sp=0x00000012249fd620
Event: 39.843 Thread 0x00000137296e53f0 DEOPT UNPACKING pc=0x0000013739af69a3 sp=0x00000012249fd548 mode 2
Event: 39.908 Thread 0x00000137296e53f0 Uncommon trap: trap_request=0xffffffde fr.pc=0x000001373a68fbf8 relative=0x0000000000000838
Event: 39.908 Thread 0x00000137296e53f0 Uncommon trap: reason=class_check action=maybe_recompile pc=0x000001373a68fbf8 method=java.util.HashMap.removeNode(ILjava/lang/Object;Ljava/lang/Object;ZZ)Ljava/util/HashMap$Node; @ 283 c2
Event: 39.908 Thread 0x00000137296e53f0 DEOPT PACKING pc=0x000001373a68fbf8 sp=0x00000012249fc860
Event: 39.908 Thread 0x00000137296e53f0 DEOPT UNPACKING pc=0x0000013739af69a3 sp=0x00000012249fc788 mode 2
Event: 39.935 Thread 0x00000137296e53f0 Uncommon trap: trap_request=0xffffffde fr.pc=0x000001373a68fbf8 relative=0x0000000000000838
Event: 39.935 Thread 0x00000137296e53f0 Uncommon trap: reason=class_check action=maybe_recompile pc=0x000001373a68fbf8 method=java.util.HashMap.removeNode(ILjava/lang/Object;Ljava/lang/Object;ZZ)Ljava/util/HashMap$Node; @ 283 c2
Event: 39.935 Thread 0x00000137296e53f0 DEOPT PACKING pc=0x000001373a68fbf8 sp=0x00000012249fc3c0
Event: 39.936 Thread 0x00000137296e53f0 DEOPT UNPACKING pc=0x0000013739af69a3 sp=0x00000012249fc2e8 mode 2
Event: 40.399 Thread 0x00000137296e53f0 Uncommon trap: trap_request=0xffffffc6 fr.pc=0x000001373a4845c8 relative=0x0000000000001b08
Event: 40.399 Thread 0x00000137296e53f0 Uncommon trap: reason=bimorphic_or_optimized_type_check action=maybe_recompile pc=0x000001373a4845c8 method=org.jetbrains.org.objectweb.asm.ClassReader.readElementValue(Lorg/jetbrains/org/objectweb/asm/AnnotationVisitor;ILjava/lang/String;[C)I @ 536 c2
Event: 40.399 Thread 0x00000137296e53f0 DEOPT PACKING pc=0x000001373a4845c8 sp=0x00000012249f9a30
Event: 40.399 Thread 0x00000137296e53f0 DEOPT UNPACKING pc=0x0000013739af69a3 sp=0x00000012249f9980 mode 2

Classes unloaded (0 events):
No events

Classes redefined (0 events):
No events

Internal exceptions (20 events):
Event: 19.794 Thread 0x00000137296e53f0 Exception <a 'java/lang/NoSuchMethodError'{0x0000000087f8f348}: 'int java.lang.invoke.DirectMethodHandle$Holder.invokeStaticInit(java.lang.Object, int)'> (0x0000000087f8f348) 
thrown [s\src\hotspot\share\interpreter\linkResolver.cpp, line 759]
Event: 19.956 Thread 0x00000137296e53f0 Implicit null exception at 0x000001373a05c2f2 to 0x000001373a05c90c
Event: 20.006 Thread 0x00000137296e53f0 Implicit null exception at 0x000001373a05ddf2 to 0x000001373a05e42c
Event: 20.342 Thread 0x00000137296e53f0 Exception <a 'java/lang/NoSuchMethodError'{0x000000008766d9a0}: 'java.lang.Object java.lang.invoke.DirectMethodHandle$Holder.invokeInterface(java.lang.Object, java.lang.Object, java.lang.Object)'> (0x000000008766d9a0) 
thrown [s\src\hotspot\share\interpreter\linkResolver.cpp, line 759]
Event: 20.343 Thread 0x00000137296e53f0 Exception <a 'java/lang/IncompatibleClassChangeError'{0x0000000087671310}: Found class java.lang.Object, but interface was expected> (0x0000000087671310) 
thrown [s\src\hotspot\share\interpreter\linkResolver.cpp, line 826]
Event: 20.367 Thread 0x00000137296e53f0 Exception <a 'java/lang/NoSuchMethodError'{0x00000000876aa7c8}: 'java.lang.Object java.lang.invoke.DirectMethodHandle$Holder.newInvokeSpecial(java.lang.Object, java.lang.Object, java.lang.Object, java.lang.Object, java.lang.Object, java.lang.Object, java.lang.Object)'> (0x00000000876aa7c8) 
thrown [s\src\hotspot\share\interpreter\linkResolver.cpp, line 759]
Event: 20.368 Thread 0x00000137296e53f0 Exception <a 'java/lang/NoSuchMethodError'{0x00000000876af380}: 'java.lang.Object java.lang.invoke.Invokers$Holder.linkToTargetMethod(java.lang.Object, java.lang.Object, java.lang.Object, java.lang.Object, java.lang.Object, java.lang.Object, java.lang.Object)'> (0x00000000876af380) 
thrown [s\src\hotspot\share\interpreter\linkResolver.cpp, line 759]
Event: 23.560 Thread 0x00000137296e53f0 Exception <a 'java/lang/NoSuchMethodError'{0x0000000088f62430}: 'void java.lang.invoke.DirectMethodHandle$Holder.invokeStatic(java.lang.Object, java.lang.Object, java.lang.Object)'> (0x0000000088f62430) 
thrown [s\src\hotspot\share\interpreter\linkResolver.cpp, line 759]
Event: 28.675 Thread 0x00000137296e53f0 Exception <a 'java/lang/NoSuchMethodError'{0x00000000880277b8}: 'java.lang.Object java.lang.invoke.DirectMethodHandle$Holder.invokeStaticInit(java.lang.Object, java.lang.Object, java.lang.Object, java.lang.Object)'> (0x00000000880277b8) 
thrown [s\src\hotspot\share\interpreter\linkResolver.cpp, line 759]
Event: 29.777 Thread 0x00000137296e53f0 Exception <a 'java/lang/NoSuchMethodError'{0x0000000089234fb0}: 'java.lang.Object java.lang.invoke.DirectMethodHandle$Holder.newInvokeSpecial(java.lang.Object, java.lang.Object, java.lang.Object, int, int)'> (0x0000000089234fb0) 
thrown [s\src\hotspot\share\interpreter\linkResolver.cpp, line 759]
Event: 29.778 Thread 0x00000137296e53f0 Exception <a 'java/lang/NoSuchMethodError'{0x0000000089238df0}: 'java.lang.Object java.lang.invoke.DirectMethodHandle$Holder.invokeSpecial(java.lang.Object, java.lang.Object, java.lang.Object, java.lang.Object, int, int)'> (0x0000000089238df0) 
thrown [s\src\hotspot\share\interpreter\linkResolver.cpp, line 759]
Event: 29.826 Thread 0x00000137296e53f0 Exception <a 'java/lang/NoSuchMethodError'{0x00000000891367c0}: 'java.lang.Object java.lang.invoke.DirectMethodHandle$Holder.invokeSpecial(java.lang.Object, java.lang.Object, int, int, java.lang.Object, java.lang.Object, java.lang.Object, java.lang.Object, java.lang.Object)'> (0x00000000891367c0) 
thrown [s\src\hotspot\share\interpreter\linkResolver.cpp, line 759]
Event: 29.835 Thread 0x00000137296e53f0 Implicit null exception at 0x000001373a0ac4f6 to 0x000001373a0ac730
Event: 30.046 Thread 0x00000137296e53f0 Exception <a 'java/lang/NoSuchMethodError'{0x0000000088f56fa8}: 'java.lang.Object java.lang.invoke.DirectMethodHandle$Holder.newInvokeSpecial(java.lang.Object, java.lang.Object, int, int, java.lang.Object, java.lang.Object, java.lang.Object)'> (0x0000000088f56fa8) 
thrown [s\src\hotspot\share\interpreter\linkResolver.cpp, line 759]
Event: 30.047 Thread 0x00000137296e53f0 Exception <a 'java/lang/NoSuchMethodError'{0x0000000088f5b5a8}: 'java.lang.Object java.lang.invoke.DirectMethodHandle$Holder.invokeSpecial(java.lang.Object, java.lang.Object, java.lang.Object, int, int, java.lang.Object, java.lang.Object, java.lang.Object)'> (0x0000000088f5b5a8) 
thrown [s\src\hotspot\share\interpreter\linkResolver.cpp, line 759]
Event: 31.593 Thread 0x00000137296e53f0 Exception <a 'java/lang/NoSuchMethodError'{0x0000000088207248}: 'java.lang.Object java.lang.invoke.DirectMethodHandle$Holder.invokeStatic(java.lang.Object, java.lang.Object, java.lang.Object, int, int, java.lang.Object, java.lang.Object, java.lang.Object, java.lang.Object)'> (0x0000000088207248) 
thrown [s\src\hotspot\share\interpreter\linkResolver.cpp, line 759]
Event: 31.595 Thread 0x00000137296e53f0 Exception <a 'java/lang/NoSuchMethodError'{0x0000000088211510}: 'java.lang.Object java.lang.invoke.DirectMethodHandle$Holder.newInvokeSpecial(java.lang.Object, java.lang.Object, java.lang.Object, int, int, java.lang.Object)'> (0x0000000088211510) 
thrown [s\src\hotspot\share\interpreter\linkResolver.cpp, line 759]
Event: 31.597 Thread 0x00000137296e53f0 Exception <a 'java/lang/NoSuchMethodError'{0x0000000088218eb0}: 'java.lang.Object java.lang.invoke.Invokers$Holder.linkToTargetMethod(java.lang.Object, java.lang.Object, int, int, java.lang.Object, java.lang.Object)'> (0x0000000088218eb0) 
thrown [s\src\hotspot\share\interpreter\linkResolver.cpp, line 759]
Event: 33.208 Thread 0x00000137296e53f0 Implicit null exception at 0x000001373a4d1733 to 0x000001373a4d18a8
Event: 36.460 Thread 0x00000137296e53f0 Implicit null exception at 0x000001373a65f235 to 0x000001373a65f49a

VM Operations (20 events):
Event: 38.820 Executing VM operation: HandshakeAllThreads
Event: 38.820 Executing VM operation: HandshakeAllThreads done
Event: 38.881 Executing VM operation: ICBufferFull
Event: 38.881 Executing VM operation: ICBufferFull done
Event: 39.095 Executing VM operation: ICBufferFull
Event: 39.095 Executing VM operation: ICBufferFull done
Event: 39.148 Executing VM operation: HandshakeAllThreads
Event: 39.148 Executing VM operation: HandshakeAllThreads done
Event: 39.222 Executing VM operation: HandshakeAllThreads
Event: 39.222 Executing VM operation: HandshakeAllThreads done
Event: 39.440 Executing VM operation: G1CollectForAllocation
Event: 39.460 Executing VM operation: G1CollectForAllocation done
Event: 39.604 Executing VM operation: G1PauseRemark
Event: 39.632 Executing VM operation: G1PauseRemark done
Event: 39.700 Executing VM operation: G1PauseCleanup
Event: 39.702 Executing VM operation: G1PauseCleanup done
Event: 39.965 Executing VM operation: HandshakeAllThreads
Event: 39.965 Executing VM operation: HandshakeAllThreads done
Event: 40.205 Executing VM operation: ICBufferFull
Event: 40.205 Executing VM operation: ICBufferFull done

Events (20 events):
Event: 38.390 Thread 0x0000013748da5760 flushing nmethod 0x000001373433dc90
Event: 38.390 Thread 0x0000013748da5760 flushing nmethod 0x0000013734373190
Event: 38.391 Thread 0x0000013748da5760 flushing nmethod 0x00000137343b2490
Event: 38.391 Thread 0x0000013748da5760 flushing nmethod 0x00000137343bd690
Event: 38.391 Thread 0x0000013748da5760 flushing nmethod 0x00000137343beb10
Event: 38.391 Thread 0x0000013748da5760 flushing nmethod 0x00000137343f3e10
Event: 38.391 Thread 0x0000013748da5760 flushing nmethod 0x00000137343f7e10
Event: 38.391 Thread 0x0000013748da5760 flushing nmethod 0x00000137343f8490
Event: 38.391 Thread 0x0000013748da5760 flushing nmethod 0x00000137343f9510
Event: 38.392 Thread 0x0000013748da5760 flushing nmethod 0x000001373440b890
Event: 38.408 Thread 0x0000013791d1feb0 Thread exited: 0x0000013791d1feb0
Event: 38.572 Thread 0x000001378e663d90 Thread exited: 0x000001378e663d90
Event: 38.588 loading class java/util/Vector$Itr
Event: 38.591 loading class java/util/Vector$Itr done
Event: 38.908 Thread 0x000001379253d560 Thread added: 0x000001379253d560
Event: 39.213 Thread 0x000001379253d560 Thread exited: 0x000001379253d560
Event: 39.328 Thread 0x000001379253d560 Thread added: 0x000001379253d560
Event: 39.427 Thread 0x0000013792541520 Thread added: 0x0000013792541520
Event: 39.643 Thread 0x0000013792541520 Thread exited: 0x0000013792541520
Event: 39.707 Thread 0x0000013792542510 Thread added: 0x0000013792542510


Dynamic libraries:
0x00007ff7a5ed0000 - 0x00007ff7a5ede000 	C:\Program Files\OpenLogic\jdk-17.0.10.7-hotspot\bin\java.exe
0x00007ffce8430000 - 0x00007ffce8684000 	C:\WINDOWS\SYSTEM32\ntdll.dll
0x00007ffce76a0000 - 0x00007ffce7767000 	C:\WINDOWS\System32\KERNEL32.DLL
0x00007ffce5930000 - 0x00007ffce5cd0000 	C:\WINDOWS\System32\KERNELBASE.dll
0x00007ffce5ce0000 - 0x00007ffce5e2a000 	C:\WINDOWS\System32\ucrtbase.dll
0x00007ffcb7950000 - 0x00007ffcb7967000 	C:\Program Files\OpenLogic\jdk-17.0.10.7-hotspot\bin\jli.dll
0x00007ffcb7930000 - 0x00007ffcb794b000 	C:\Program Files\OpenLogic\jdk-17.0.10.7-hotspot\bin\VCRUNTIME140.dll
0x00007ffce6de0000 - 0x00007ffce6f9f000 	C:\WINDOWS\System32\USER32.dll
0x00007ffce62c0000 - 0x00007ffce62e7000 	C:\WINDOWS\System32\win32u.dll
0x00007ffce83c0000 - 0x00007ffce83ea000 	C:\WINDOWS\System32\GDI32.dll
0x00007ffccc540000 - 0x00007ffccc7d0000 	C:\WINDOWS\WinSxS\amd64_microsoft.windows.common-controls_6595b64144ccf1df_6.0.26085.1_none_fa4bc89212a99518\COMCTL32.dll
0x00007ffce6110000 - 0x00007ffce6231000 	C:\WINDOWS\System32\gdi32full.dll
0x00007ffce8060000 - 0x00007ffce8109000 	C:\WINDOWS\System32\msvcrt.dll
0x00007ffce5880000 - 0x00007ffce5923000 	C:\WINDOWS\System32\msvcp_win.dll
0x00007ffce8260000 - 0x00007ffce828f000 	C:\WINDOWS\System32\IMM32.DLL
0x00007ffcb7c20000 - 0x00007ffcb7c2c000 	C:\Program Files\OpenLogic\jdk-17.0.10.7-hotspot\bin\vcruntime140_1.dll
0x00007ffcb78a0000 - 0x00007ffcb792d000 	C:\Program Files\OpenLogic\jdk-17.0.10.7-hotspot\bin\msvcp140.dll
0x00007ffc93640000 - 0x00007ffc942a2000 	C:\Program Files\OpenLogic\jdk-17.0.10.7-hotspot\bin\server\jvm.dll
0x00007ffce8300000 - 0x00007ffce83b2000 	C:\WINDOWS\System32\ADVAPI32.dll
0x00007ffce6910000 - 0x00007ffce69b6000 	C:\WINDOWS\System32\sechost.dll
0x00007ffce6fb0000 - 0x00007ffce70c9000 	C:\WINDOWS\System32\RPCRT4.dll
0x00007ffcc8560000 - 0x00007ffcc856a000 	C:\WINDOWS\SYSTEM32\WSOCK32.dll
0x00007ffcd1600000 - 0x00007ffcd1636000 	C:\WINDOWS\SYSTEM32\WINMM.dll
0x00007ffce45a0000 - 0x00007ffce45ee000 	C:\WINDOWS\SYSTEM32\POWRPROF.dll
0x00007ffce7880000 - 0x00007ffce78f4000 	C:\WINDOWS\System32\WS2_32.dll
0x00007ffcd3c50000 - 0x00007ffcd3c5b000 	C:\WINDOWS\SYSTEM32\VERSION.dll
0x00007ffce4580000 - 0x00007ffce4594000 	C:\WINDOWS\SYSTEM32\UMPDC.dll
0x00007ffce4850000 - 0x00007ffce486a000 	C:\WINDOWS\SYSTEM32\kernel.appcore.dll
0x00007ffcb7890000 - 0x00007ffcb789a000 	C:\Program Files\OpenLogic\jdk-17.0.10.7-hotspot\bin\jimage.dll
0x00007ffcdfbf0000 - 0x00007ffcdfe31000 	C:\WINDOWS\SYSTEM32\DBGHELP.DLL
0x00007ffce6a60000 - 0x00007ffce6dd5000 	C:\WINDOWS\System32\combase.dll
0x00007ffce6770000 - 0x00007ffce6846000 	C:\WINDOWS\System32\OLEAUT32.dll
0x00007ffccd400000 - 0x00007ffccd439000 	C:\WINDOWS\SYSTEM32\dbgcore.DLL
0x00007ffce5e30000 - 0x00007ffce5ec9000 	C:\WINDOWS\System32\bcryptPrimitives.dll
0x00007ffcb7860000 - 0x00007ffcb7885000 	C:\Program Files\OpenLogic\jdk-17.0.10.7-hotspot\bin\java.dll
0x00007ffcb7780000 - 0x00007ffcb7856000 	C:\Program Files\OpenLogic\jdk-17.0.10.7-hotspot\bin\jsvml.dll
0x00007ffce7970000 - 0x00007ffce8056000 	C:\WINDOWS\System32\SHELL32.dll
0x00007ffce36c0000 - 0x00007ffce3eeb000 	C:\WINDOWS\SYSTEM32\windows.storage.dll
0x00007ffce70d0000 - 0x00007ffce71a3000 	C:\WINDOWS\System32\SHCORE.dll
0x00007ffce82a0000 - 0x00007ffce82fd000 	C:\WINDOWS\System32\shlwapi.dll
0x00007ffce57a0000 - 0x00007ffce57c4000 	C:\WINDOWS\SYSTEM32\profapi.dll
0x00007ffcb7720000 - 0x00007ffcb7739000 	C:\Program Files\OpenLogic\jdk-17.0.10.7-hotspot\bin\net.dll
0x00007ffcdb420000 - 0x00007ffcdb53d000 	C:\WINDOWS\SYSTEM32\WINHTTP.dll
0x00007ffce4d30000 - 0x00007ffce4d98000 	C:\WINDOWS\system32\mswsock.dll
0x00007ffcb76e0000 - 0x00007ffcb76f6000 	C:\Program Files\OpenLogic\jdk-17.0.10.7-hotspot\bin\nio.dll
0x00007ffcb7610000 - 0x00007ffcb7628000 	C:\Program Files\OpenLogic\jdk-17.0.10.7-hotspot\bin\zip.dll
0x00007ffcb8160000 - 0x00007ffcb8170000 	C:\Program Files\OpenLogic\jdk-17.0.10.7-hotspot\bin\verify.dll

dbghelp: loaded successfully - version: 4.0.5 - missing functions: none
symbol engine: initialized successfully - sym options: 0x614 - pdb path: .;C:\Program Files\OpenLogic\jdk-17.0.10.7-hotspot\bin;C:\WINDOWS\SYSTEM32;C:\WINDOWS\WinSxS\amd64_microsoft.windows.common-controls_6595b64144ccf1df_6.0.26085.1_none_fa4bc89212a99518;C:\Program Files\OpenLogic\jdk-17.0.10.7-hotspot\bin\server

VM Arguments:
java_command: org.jetbrains.kotlin.cli.jvm.K2JVMCompiler @D:\react_native\EcommerceApp\node_modules\react-native-safe-area-context\android\build\20240402_2818960499437625480.compiler.options
java_class_path (initial): C:\Users\Ravi Raj\.gradle\caches\modules-2\files-2.1\org.jetbrains.kotlin\kotlin-compiler-embeddable\1.8.0\eb9118d4bcceaa2a94b2ae2a33a4ddba7c9a947f\kotlin-compiler-embeddable-1.8.0.jar;C:\Users\Ravi Raj\.gradle\caches\modules-2\files-2.1\org.jetbrains.kotlin\kotlin-stdlib\1.8.0\1796921c7a3e2e2665a83e6c8d33399336cd39bc\kotlin-stdlib-1.8.0.jar;C:\Users\Ravi Raj\.gradle\caches\modules-2\files-2.1\org.jetbrains.kotlin\kotlin-script-runtime\1.8.0\b2f7e760d283cb339974851c222a4c1d48f2d3d\kotlin-script-runtime-1.8.0.jar;C:\Users\Ravi Raj\.gradle\caches\modules-2\files-2.1\org.jetbrains.kotlin\kotlin-reflect\1.6.10\1cbe9c92c12a94eea200d23c2bbaedaf3daf5132\kotlin-reflect-1.6.10.jar;C:\Users\Ravi Raj\.gradle\caches\modules-2\files-2.1\org.jetbrains.kotlin\kotlin-daemon-embeddable\1.8.0\d255216c551685dc3a7e852b53617f5f01aaaa5c\kotlin-daemon-embeddable-1.8.0.jar;C:\Users\Ravi Raj\.gradle\caches\modules-2\files-2.1\org.jetbrains.intellij.deps\trove4j\1.0.20200330\3afb14d5f9ceb459d724e907a21145e8ff394f02\trove4j-1.0.20200330.jar;C:\Users\Ravi Raj\.gradle\caches\modules-2\files-2.1\net.java.dev.jna\jna\5.6.0\330f2244e9030119ab3030fc3fededc86713d9cc\jna-5.6.0.jar;C:\Users\Ravi Raj\.gradle\caches\modules-2\files-2.1\org.jetbrains.kotlin\kotlin-stdlib-common\1.8.0\f7197e7cc76453ac59f8b0f8d5137cc600becd36\kotlin-stdlib-common-1.8.0.jar;C:\Users\Ravi Raj\.gradle\caches\modules-2\files-2.1\org.jetbrains\annotations\13.0\919f0dfe192fb4e063e7dacadee7f8bb9a2672a9\annotations-13.0.jar
Launcher Type: SUN_STANDARD

[Global flags]
     intx CICompilerCount                          = 4                                         {product} {ergonomic}
     uint ConcGCThreads                            = 2                                         {product} {ergonomic}
     uint G1ConcRefinementThreads                  = 8                                         {product} {ergonomic}
   size_t G1HeapRegionSize                         = 1048576                                   {product} {ergonomic}
    uintx GCDrainStackTargetSize                   = 64                                        {product} {ergonomic}
   size_t InitialHeapSize                          = 132120576                                 {product} {ergonomic}
   size_t MarkStackSize                            = 4194304                                   {product} {ergonomic}
   size_t MaxHeapSize                              = 2103443456                                {product} {ergonomic}
   size_t MaxNewSize                               = 1261436928                                {product} {ergonomic}
   size_t MinHeapDeltaBytes                        = 1048576                                   {product} {ergonomic}
   size_t MinHeapSize                              = 8388608                                   {product} {ergonomic}
    uintx NonNMethodCodeHeapSize                   = 5839372                                {pd product} {ergonomic}
    uintx NonProfiledCodeHeapSize                  = 122909434                              {pd product} {ergonomic}
    uintx ProfiledCodeHeapSize                     = 122909434                              {pd product} {ergonomic}
    uintx ReservedCodeCacheSize                    = 251658240                              {pd product} {ergonomic}
     bool SegmentedCodeCache                       = true                                      {product} {ergonomic}
   size_t SoftMaxHeapSize                          = 2103443456                             {manageable} {ergonomic}
     bool UseCompressedClassPointers               = true                           {product lp64_product} {ergonomic}
     bool UseCompressedOops                        = true                           {product lp64_product} {ergonomic}
     bool UseG1GC                                  = true                                      {product} {ergonomic}
     bool UseLargePagesIndividualAllocation        = false                                  {pd product} {ergonomic}

Logging:
Log output configuration:
 #0: stdout all=warning uptime,level,tags
 #1: stderr all=off uptime,level,tags

Environment Variables:
JAVA_HOME=C:\Program Files\OpenLogic\jdk-17.0.10.7-hotspot
CLASSPATH=D:\react_native\EcommerceApp\android\\gradle\wrapper\gradle-wrapper.jar
PATH=C:\Program Files\PowerShell\7;C:\Program Files\OpenLogic\jdk-17.0.10.7-hotspot\bin;C:\Program Files\OpenLogic\jdk-11.0.22.7-hotspot\bin;C:\Program Files\Java\jdk-17\bin;C:\Users\Ravi Raj\AppData\Local\Android\SDK;C:\Users\Ravi Raj\AppData\Local\Android\SDK\cmdline-tools\tools\bin;C:\Users\Ravi Raj\AppData\Local\Android\SDK\sources;C:\Program Files\Microsoft\jdk-11.0.18.10-hotspot\bin;C:\Program Files\Eclipse Foundation\jdk-11.0.12.7-hotspot\bin;C:\WINDOWS\system32;C:\WINDOWS;C:\WINDOWS\System32\Wbem;C:\WINDOWS\System32\WindowsPowerShell\v1.0\;C:\WINDOWS\System32\OpenSSH\;C:\Program Files\Microsoft SQL Server\130\Tools\Binn\;C:\Program Files\CodeBlocks\MinGW\bin;C:\Users\Ravi Raj\AppData\Local\Android\SDK\tools;C:\Users\Ravi Raj\AppData\Local\Android\SDK\platform-tools;C:\Program Files\PowerShell\7\;C:\MinGW\bin;C:\Program Files\dotnet\;C:\Program Files\MongoDB\Server\6.0\bin;C:\Program Files\mongo\bin;C:\Program Files\Git\cmd;C:\Program Files\Git\mingw64\bin;C:\Program Files\Git\usr\bin;C:\Users\Ravi Raj\AppData\Roaming\nvm;C:\Program Files\nodejs;C:\Users\Ravi Raj\AppData\Local\Programs\Python\Python311\python.exe;C:\Users\Ravi Raj\AppData\Local\Microsoft\WindowsApps\python.exe;C:\ProgramData\chocolatey\bin;C:\Program Files\Kotlin\kotlinc\bin;C:\Program Files\Docker\Docker\resources\bin;C:\Program Files (x86)\PuTTY\;C:\Program Files\PuTTY\;C:\Users\Ravi Raj\AppData\Local\Android\Sdk;C:\Users\Ravi Raj\AppData\Local\Android\Sdk\platform-tools;C:\Users\Ravi Raj\AppData\Local\Android\Sdk\emulator;C:\Users\Ravi Raj\AppData\Local\Android\Sdk\tools;C:\Users\Ravi Raj\AppData\Local\Android\Sdk\tools\bin;C:\Users\Ravi Raj\AppData\Local\watchman\bin;C:\Users\Ravi Raj\AppData\Local\Programs\Python\Python310;C:\Users\Ravi Raj\AppData\Local\Programs\Python\Python311\Scripts\;C:\Users\Ravi Raj\AppData\Local\Programs\Python\Python311\;C:\Program Files\MySQL\MySQL Shell 8.0\bin\;D:\MySQL\Anaconda;D:\MySQL\Anaconda\Library\mingw-w64\bin;D:\MySQL\Anaconda\Library\usr\bin;D:\MySQL\A
USERNAME=Ravi Raj
LANG=en_US.UTF-8
OS=Windows_NT
PROCESSOR_IDENTIFIER=Intel64 Family 6 Model 142 Stepping 12, GenuineIntel
TMP=C:\Users\RAVIRA~1\AppData\Local\Temp
TEMP=C:\Users\RAVIRA~1\AppData\Local\Temp



Periodic native trim disabled


---------------  S Y S T E M  ---------------

OS:
 Windows 11 , 64 bit Build 26085 (10.0.26085.1)
OS uptime: 2 days 3:27 hours
Hyper-V role detected

CPU: total 8 (initial active 8) (4 cores per cpu, 2 threads per core) family 6 model 142 stepping 12 microcode 0xde, cx8, cmov, fxsr, ht, mmx, 3dnowpref, sse, sse2, sse3, ssse3, sse4.1, sse4.2, popcnt, lzcnt, tsc, tscinvbit, avx, avx2, aes, erms, clmul, bmi1, bmi2, adx, fma, vzeroupper, clflush, clflushopt, hv
Processor Information for all 8 processors :
  Max Mhz: 2112, Current Mhz: 1609, Mhz Limit: 1605

Memory: 4k page, system-wide physical 8022M (639M free)
TotalPageFile size 16214M (AvailPageFile size 10M)
current process WorkingSet (physical memory assigned to process): 390M, peak: 392M
current process commit charge ("private bytes"): 465M, peak: 469M

vm_info: OpenJDK 64-Bit Server VM (17.0.10+7-adhoc..jdk17u) for windows-amd64 JRE (17.0.10+7-adhoc..jdk17u), built on Jan 24 2024 08:51:31 by "" with MS VC++ 16.10 / 16.11 (VS2019)

END.
